<?xml version="1.0" encoding="UTF-8"?>
<coverage generated="1584279425">
  <project timestamp="1584279425">
    <package name="DannyVanDerSluijs\JsonMapper\Builders">
      <file name="/Users/dannyvandersluijs/Projects/JsonMapper/src/Builders/PropertyBuilder.php">
        <class name="DannyVanDerSluijs\JsonMapper\Builders\PropertyBuilder" namespace="DannyVanDerSluijs\JsonMapper\Builders">
          <metrics complexity="7" methods="7" coveredmethods="7" conditionals="0" coveredconditionals="0" statements="11" coveredstatements="11" elements="18" coveredelements="18"/>
        </class>
        <line num="21" type="method" name="__construct" visibility="private" complexity="1" crap="1" count="7"/>
        <line num="23" type="stmt" count="7"/>
        <line num="25" type="method" name="new" visibility="public" complexity="1" crap="1" count="7"/>
        <line num="27" type="stmt" count="7"/>
        <line num="30" type="method" name="build" visibility="public" complexity="1" crap="1" count="7"/>
        <line num="32" type="stmt" count="7"/>
        <line num="35" type="method" name="setName" visibility="public" complexity="1" crap="1" count="7"/>
        <line num="37" type="stmt" count="7"/>
        <line num="38" type="stmt" count="7"/>
        <line num="41" type="method" name="setType" visibility="public" complexity="1" crap="1" count="7"/>
        <line num="43" type="stmt" count="7"/>
        <line num="44" type="stmt" count="7"/>
        <line num="47" type="method" name="setIsNullable" visibility="public" complexity="1" crap="1" count="7"/>
        <line num="49" type="stmt" count="7"/>
        <line num="50" type="stmt" count="7"/>
        <line num="53" type="method" name="setVisibility" visibility="public" complexity="1" crap="1" count="7"/>
        <line num="55" type="stmt" count="7"/>
        <line num="56" type="stmt" count="7"/>
        <metrics loc="58" ncloc="54" classes="1" methods="7" coveredmethods="7" conditionals="0" coveredconditionals="0" statements="11" coveredstatements="11" elements="18" coveredelements="18"/>
      </file>
    </package>
    <package name="DannyVanDerSluijs\JsonMapper\Enums">
      <file name="/Users/dannyvandersluijs/Projects/JsonMapper/src/Enums/PropertyAccessorType.php">
        <class name="DannyVanDerSluijs\JsonMapper\Enums\PropertyAccessorType" namespace="DannyVanDerSluijs\JsonMapper\Enums">
          <metrics complexity="0" methods="0" coveredmethods="0" conditionals="0" coveredconditionals="0" statements="0" coveredstatements="0" elements="0" coveredelements="0"/>
        </class>
        <metrics loc="11" ncloc="11" classes="0" methods="0" coveredmethods="0" conditionals="0" coveredconditionals="0" statements="0" coveredstatements="0" elements="0" coveredelements="0"/>
      </file>
      <file name="/Users/dannyvandersluijs/Projects/JsonMapper/src/Enums/Visibility.php">
        <class name="DannyVanDerSluijs\JsonMapper\Enums\Visibility" namespace="DannyVanDerSluijs\JsonMapper\Enums">
          <metrics complexity="0" methods="0" coveredmethods="0" conditionals="0" coveredconditionals="0" statements="0" coveredstatements="0" elements="0" coveredelements="0"/>
        </class>
        <metrics loc="19" ncloc="14" classes="0" methods="0" coveredmethods="0" conditionals="0" coveredconditionals="0" statements="0" coveredstatements="0" elements="0" coveredelements="0"/>
      </file>
    </package>
    <package name="DannyVanDerSluijs\JsonMapper\Helpers">
      <file name="/Users/dannyvandersluijs/Projects/JsonMapper/src/Helpers/AnnotationHelper.php">
        <class name="DannyVanDerSluijs\JsonMapper\Helpers\AnnotationHelper" namespace="DannyVanDerSluijs\JsonMapper\Helpers">
          <metrics complexity="10" methods="4" coveredmethods="2" conditionals="0" coveredconditionals="0" statements="16" coveredstatements="9" elements="20" coveredelements="11"/>
        </class>
        <line num="9" type="method" name="isNullable" visibility="public" complexity="2" crap="2" count="5"/>
        <line num="11" type="stmt" count="5"/>
        <line num="14" type="method" name="removeNullable" visibility="public" complexity="4" crap="20" count="0"/>
        <line num="16" type="stmt" count="0"/>
        <line num="17" type="stmt" count="0"/>
        <line num="19" type="stmt" count="0"/>
        <line num="20" type="stmt" count="0"/>
        <line num="21" type="stmt" count="0"/>
        <line num="22" type="stmt" count="0"/>
        <line num="26" type="method" name="parseAnnotations" visibility="public" complexity="3" crap="3" count="5"/>
        <line num="28" type="stmt" count="5"/>
        <line num="31" type="stmt" count="5"/>
        <line num="33" type="stmt" count="5"/>
        <line num="34" type="stmt" count="5"/>
        <line num="35" type="stmt" count="5"/>
        <line num="37" type="stmt" count="5"/>
        <line num="38" type="stmt" count="5"/>
        <line num="42" type="stmt" count="5"/>
        <line num="45" type="method" name="isArrayOfType" visibility="public" complexity="1" crap="2" count="0"/>
        <line num="47" type="stmt" count="0"/>
        <metrics loc="49" ncloc="45" classes="1" methods="4" coveredmethods="2" conditionals="0" coveredconditionals="0" statements="16" coveredstatements="9" elements="20" coveredelements="11"/>
      </file>
      <file name="/Users/dannyvandersluijs/Projects/JsonMapper/src/Helpers/TypeHelper.php">
        <class name="DannyVanDerSluijs\JsonMapper\Helpers\TypeHelper" namespace="DannyVanDerSluijs\JsonMapper\Helpers">
          <metrics complexity="14" methods="3" coveredmethods="2" conditionals="0" coveredconditionals="0" statements="15" coveredstatements="8" elements="18" coveredelements="10"/>
        </class>
        <line num="9" type="method" name="isScalarType" visibility="public" complexity="7" crap="7" count="7"/>
        <line num="11" type="stmt" count="7"/>
        <line num="12" type="stmt" count="1"/>
        <line num="13" type="stmt" count="1"/>
        <line num="14" type="stmt" count="7"/>
        <line num="17" type="method" name="isBuiltinClass" visibility="public" complexity="2" crap="2" count="5"/>
        <line num="19" type="stmt" count="5"/>
        <line num="20" type="stmt" count="5"/>
        <line num="27" type="method" name="cast" visibility="public" complexity="5" crap="16.76" count="6"/>
        <line num="29" type="stmt" count="6"/>
        <line num="30" type="stmt" count="6"/>
        <line num="32" type="stmt" count="0"/>
        <line num="33" type="stmt" count="0"/>
        <line num="35" type="stmt" count="0"/>
        <line num="36" type="stmt" count="0"/>
        <line num="38" type="stmt" count="0"/>
        <line num="39" type="stmt" count="0"/>
        <line num="42" type="stmt" count="0"/>
        <metrics loc="44" ncloc="40" classes="1" methods="3" coveredmethods="2" conditionals="0" coveredconditionals="0" statements="15" coveredstatements="8" elements="18" coveredelements="10"/>
      </file>
    </package>
    <package name="DannyVanDerSluijs\JsonMapper">
      <file name="/Users/dannyvandersluijs/Projects/JsonMapper/src/JsonMapper.php">
        <class name="DannyVanDerSluijs\JsonMapper\JsonMapper" namespace="DannyVanDerSluijs\JsonMapper">
          <metrics complexity="3" methods="2" coveredmethods="2" conditionals="0" coveredconditionals="0" statements="5" coveredstatements="5" elements="7" coveredelements="7"/>
        </class>
        <line num="12" type="method" name="__construct" visibility="public" complexity="1" crap="1" count="7"/>
        <line num="14" type="stmt" count="7"/>
        <line num="15" type="stmt" count="7"/>
        <line num="17" type="method" name="mapObject" visibility="public" complexity="2" crap="2" count="7"/>
        <line num="19" type="stmt" count="7"/>
        <line num="20" type="stmt" count="7"/>
        <line num="22" type="stmt" count="7"/>
        <metrics loc="23" ncloc="22" classes="1" methods="2" coveredmethods="2" conditionals="0" coveredconditionals="0" statements="5" coveredstatements="5" elements="7" coveredelements="7"/>
      </file>
    </package>
    <file name="/Users/dannyvandersluijs/Projects/JsonMapper/src/JsonMapperInterface.php">
      <metrics loc="10" ncloc="10" classes="0" methods="0" coveredmethods="0" conditionals="0" coveredconditionals="0" statements="0" coveredstatements="0" elements="0" coveredelements="0"/>
    </file>
    <package name="DannyVanDerSluijs\JsonMapper\Strategies">
      <file name="/Users/dannyvandersluijs/Projects/JsonMapper/src/Strategies/DocBlockAnnotations.php">
        <class name="DannyVanDerSluijs\JsonMapper\Strategies\DocBlockAnnotations" namespace="DannyVanDerSluijs\JsonMapper\Strategies">
          <metrics complexity="12" methods="3" coveredmethods="1" conditionals="0" coveredconditionals="0" statements="36" coveredstatements="34" elements="39" coveredelements="35"/>
        </class>
        <line num="16" type="method" name="mapObject" visibility="public" complexity="7" crap="7.01" count="5"/>
        <line num="18" type="stmt" count="5"/>
        <line num="19" type="stmt" count="5"/>
        <line num="20" type="stmt" count="5"/>
        <line num="21" type="stmt" count="0"/>
        <line num="24" type="stmt" count="5"/>
        <line num="25" type="stmt" count="5"/>
        <line num="27" type="stmt" count="5"/>
        <line num="28" type="stmt" count="1"/>
        <line num="30" type="stmt" count="5"/>
        <line num="31" type="stmt" count="4"/>
        <line num="34" type="stmt" count="5"/>
        <line num="35" type="stmt" count="3"/>
        <line num="36" type="stmt" count="3"/>
        <line num="39" type="stmt" count="2"/>
        <line num="40" type="stmt" count="2"/>
        <line num="41" type="stmt" count="2"/>
        <line num="44" type="stmt" count="5"/>
        <line num="46" type="method" name="reflect" visibility="private" complexity="2" crap="2" count="5"/>
        <line num="48" type="stmt" count="5"/>
        <line num="49" type="stmt" count="5"/>
        <line num="51" type="stmt" count="5"/>
        <line num="52" type="stmt" count="5"/>
        <line num="53" type="stmt" count="5"/>
        <line num="54" type="stmt" count="5"/>
        <line num="56" type="stmt" count="5"/>
        <line num="57" type="stmt" count="5"/>
        <line num="58" type="stmt" count="5"/>
        <line num="59" type="stmt" count="5"/>
        <line num="60" type="stmt" count="5"/>
        <line num="61" type="stmt" count="5"/>
        <line num="62" type="stmt" count="5"/>
        <line num="65" type="stmt" count="5"/>
        <line num="68" type="method" name="getVisibility" visibility="private" complexity="3" crap="3.07" count="5"/>
        <line num="70" type="stmt" count="5"/>
        <line num="71" type="stmt" count="3"/>
        <line num="73" type="stmt" count="2"/>
        <line num="74" type="stmt" count="0"/>
        <line num="76" type="stmt" count="2"/>
        <metrics loc="78" ncloc="78" classes="1" methods="3" coveredmethods="1" conditionals="0" coveredconditionals="0" statements="36" coveredstatements="34" elements="39" coveredelements="35"/>
      </file>
      <file name="/Users/dannyvandersluijs/Projects/JsonMapper/src/Strategies/TypedProperties.php">
        <class name="DannyVanDerSluijs\JsonMapper\Strategies\TypedProperties" namespace="DannyVanDerSluijs\JsonMapper\Strategies">
          <metrics complexity="9" methods="3" coveredmethods="1" conditionals="0" coveredconditionals="0" statements="29" coveredstatements="25" elements="32" coveredelements="26"/>
        </class>
        <line num="15" type="method" name="mapObject" visibility="public" complexity="4" crap="4.01" count="2"/>
        <line num="17" type="stmt" count="2"/>
        <line num="18" type="stmt" count="2"/>
        <line num="19" type="stmt" count="2"/>
        <line num="20" type="stmt" count="0"/>
        <line num="23" type="stmt" count="2"/>
        <line num="24" type="stmt" count="2"/>
        <line num="26" type="stmt" count="2"/>
        <line num="27" type="stmt" count="2"/>
        <line num="30" type="stmt" count="2"/>
        <line num="31" type="stmt" count="2"/>
        <line num="33" type="stmt" count="2"/>
        <line num="35" type="method" name="reflect" visibility="private" complexity="2" crap="2" count="2"/>
        <line num="37" type="stmt" count="2"/>
        <line num="38" type="stmt" count="2"/>
        <line num="40" type="stmt" count="2"/>
        <line num="41" type="stmt" count="2"/>
        <line num="42" type="stmt" count="2"/>
        <line num="44" type="stmt" count="2"/>
        <line num="45" type="stmt" count="2"/>
        <line num="46" type="stmt" count="2"/>
        <line num="47" type="stmt" count="2"/>
        <line num="48" type="stmt" count="2"/>
        <line num="49" type="stmt" count="2"/>
        <line num="50" type="stmt" count="2"/>
        <line num="53" type="stmt" count="2"/>
        <line num="56" type="method" name="getVisibility" visibility="private" complexity="3" crap="4.94" count="2"/>
        <line num="58" type="stmt" count="2"/>
        <line num="59" type="stmt" count="2"/>
        <line num="61" type="stmt" count="0"/>
        <line num="62" type="stmt" count="0"/>
        <line num="64" type="stmt" count="0"/>
        <metrics loc="66" ncloc="66" classes="1" methods="3" coveredmethods="1" conditionals="0" coveredconditionals="0" statements="29" coveredstatements="25" elements="32" coveredelements="26"/>
      </file>
    </package>
    <package name="DannyVanDerSluijs\JsonMapper\ValueObjects">
      <file name="/Users/dannyvandersluijs/Projects/JsonMapper/src/ValueObjects/Property.php">
        <class name="DannyVanDerSluijs\JsonMapper\ValueObjects\Property" namespace="DannyVanDerSluijs\JsonMapper\ValueObjects">
          <metrics complexity="5" methods="5" coveredmethods="4" conditionals="0" coveredconditionals="0" statements="9" coveredstatements="8" elements="14" coveredelements="12"/>
        </class>
        <line num="20" type="method" name="__construct" visibility="public" complexity="1" crap="1" count="7"/>
        <line num="22" type="stmt" count="7"/>
        <line num="23" type="stmt" count="7"/>
        <line num="24" type="stmt" count="7"/>
        <line num="25" type="stmt" count="7"/>
        <line num="26" type="stmt" count="7"/>
        <line num="28" type="method" name="getName" visibility="public" complexity="1" crap="1" count="7"/>
        <line num="30" type="stmt" count="7"/>
        <line num="33" type="method" name="getType" visibility="public" complexity="1" crap="1" count="7"/>
        <line num="35" type="stmt" count="7"/>
        <line num="38" type="method" name="isNullable" visibility="public" complexity="1" crap="2" count="0"/>
        <line num="40" type="stmt" count="0"/>
        <line num="43" type="method" name="getVisibility" visibility="public" complexity="1" crap="1" count="5"/>
        <line num="45" type="stmt" count="5"/>
        <metrics loc="47" ncloc="43" classes="1" methods="5" coveredmethods="4" conditionals="0" coveredconditionals="0" statements="9" coveredstatements="8" elements="14" coveredelements="12"/>
      </file>
      <file name="/Users/dannyvandersluijs/Projects/JsonMapper/src/ValueObjects/PropertyMap.php">
        <class name="DannyVanDerSluijs\JsonMapper\ValueObjects\PropertyMap" namespace="DannyVanDerSluijs\JsonMapper\ValueObjects">
          <metrics complexity="4" methods="3" coveredmethods="2" conditionals="0" coveredconditionals="0" statements="6" coveredstatements="5" elements="9" coveredelements="7"/>
        </class>
        <line num="12" type="method" name="addProperty" visibility="public" complexity="1" crap="1" count="7"/>
        <line num="14" type="stmt" count="7"/>
        <line num="15" type="stmt" count="7"/>
        <line num="17" type="method" name="hasProperty" visibility="public" complexity="1" crap="1" count="7"/>
        <line num="19" type="stmt" count="7"/>
        <line num="22" type="method" name="getProperty" visibility="public" complexity="2" crap="2.15" count="7"/>
        <line num="24" type="stmt" count="7"/>
        <line num="25" type="stmt" count="0"/>
        <line num="28" type="stmt" count="7"/>
        <metrics loc="30" ncloc="29" classes="1" methods="3" coveredmethods="2" conditionals="0" coveredconditionals="0" statements="6" coveredstatements="5" elements="9" coveredelements="7"/>
      </file>
    </package>
    <metrics files="11" loc="435" ncloc="412" classes="8" methods="30" coveredmethods="21" conditionals="0" coveredconditionals="0" statements="127" coveredstatements="105" elements="157" coveredelements="126"/>
  </project>
</coverage>
